SF:lib/cubit/popular_list_cubit.dart
DA:9,2
DA:15,1
DA:17,3
DA:18,2
DA:19,2
DA:20,2
DA:21,0
DA:24,0
DA:26,3
DA:28,1
DA:31,0
LF:11
LH:8
end_of_record
SF:lib/cubit/popular_list_state.dart
DA:6,3
DA:14,1
DA:15,1
DA:16,1
DA:17,1
DA:20,1
DA:24,1
DA:25,1
DA:26,1
LF:9
LH:9
end_of_record
SF:lib/models/popular_response.dart
DA:7,0
DA:9,2
DA:10,4
DA:11,4
DA:12,4
DA:13,2
DA:14,4
DA:15,6
DA:16,6
DA:21,0
DA:22,0
DA:23,0
DA:24,0
DA:25,0
DA:26,0
DA:27,0
DA:57,0
DA:81,2
DA:82,4
DA:83,4
DA:84,4
DA:85,4
DA:86,4
DA:87,4
DA:88,4
DA:89,4
DA:90,4
DA:91,4
DA:92,4
DA:93,4
DA:94,4
DA:95,4
DA:96,4
DA:97,4
DA:98,6
DA:99,6
DA:100,6
DA:101,6
DA:102,2
DA:103,4
DA:104,6
DA:105,6
DA:108,4
DA:111,0
DA:112,0
DA:113,0
DA:114,0
DA:115,0
DA:116,0
DA:117,0
DA:118,0
DA:119,0
DA:120,0
DA:121,0
DA:122,0
DA:123,0
DA:124,0
DA:125,0
DA:126,0
DA:127,0
DA:128,0
DA:129,0
DA:130,0
DA:131,0
DA:132,0
DA:133,0
DA:134,0
DA:136,0
DA:149,0
DA:157,2
DA:158,4
DA:159,4
DA:160,4
DA:161,4
DA:162,4
DA:163,2
DA:164,4
DA:165,6
DA:166,6
DA:171,0
DA:172,0
DA:173,0
DA:174,0
DA:175,0
DA:176,0
DA:177,0
DA:178,0
DA:179,0
DA:191,0
DA:193,2
DA:194,4
DA:195,4
DA:196,4
DA:197,4
DA:200,0
DA:201,0
DA:202,0
DA:203,0
DA:204,0
DA:205,0
LF:100
LH:49
end_of_record
SF:lib/repositories/network_repository.dart
DA:8,1
DA:10,0
DA:11,0
DA:13,1
DA:16,0
DA:20,1
DA:22,1
DA:23,3
DA:26,1
LF:9
LH:6
end_of_record
SF:lib/core/helpers/api_helpers.dart
DA:7,0
DA:9,0
DA:11,0
DA:12,0
DA:15,0
DA:20,0
DA:26,0
DA:29,0
DA:31,0
DA:32,0
DA:33,0
DA:34,0
DA:35,0
DA:36,0
DA:37,0
DA:38,0
DA:39,0
DA:40,0
DA:41,0
DA:42,0
DA:44,0
DA:45,0
DA:47,0
DA:48,0
DA:49,0
DA:50,0
DA:51,0
DA:52,0
DA:53,0
DA:54,0
DA:55,0
DA:56,0
DA:57,0
DA:58,0
DA:60,0
DA:62,0
DA:65,0
DA:69,0
DA:70,0
DA:71,0
DA:74,0
DA:76,0
DA:79,0
DA:84,0
DA:85,0
DA:86,0
DA:87,0
DA:88,0
DA:89,0
DA:90,0
DA:92,0
DA:93,0
DA:94,0
DA:95,0
DA:96,0
DA:97,0
DA:98,0
DA:101,0
LF:58
LH:0
end_of_record
